<?xml version="1.0" encoding="UTF-8"?>
<!-- Generated by org.testng.reporters.JUnitReportReporter -->
<testsuite hostname="DESKTOP-TA34NI2" failures="0" tests="9" name="tests.AmazonLoginTest" time="433.910" errors="0" timestamp="27 Feb. 2022 20:12:49 GMT" skipped="0">
  <testcase classname="tests.AmazonLoginTest" name="a" time="77.145"/>
  <testcase classname="tests.AmazonLoginTest" name="verifySigninLabel" time="11.877"/>
  <testcase classname="tests.AmazonLoginTest" name="checkTitle" time="9.205"/>
  <testcase classname="tests.AmazonLoginTest" name="needHelp" time="78.617"/>
  <testcase classname="tests.AmazonLoginTest" name="verifyFooter" time="9.832"/>
  <testcase classname="tests.AmazonLoginTest" name="enterWrongEmail" time="78.481"/>
  <testcase classname="tests.AmazonLoginTest" name="enterWrongEmail" time="77.190"/>
  <testcase classname="tests.AmazonLoginTest" name="enterWrongEmail" time="80.285"/>
  <testcase classname="tests.AmazonLoginTest" name="enterEmail" time="11.278"/>
</testsuite> <!-- tests.AmazonLoginTest -->
