<?xml version="1.0" encoding="UTF-8"?>
<!-- Generated by org.testng.reporters.JUnitReportReporter -->
<testsuite hostname="DESKTOP-TA34NI2" failures="0" tests="9" name="tests.AmazonLoginTest" time="254.062" errors="0" timestamp="07 Mar. 2022 03:28:33 GMT" skipped="0">
  <testcase classname="tests.AmazonLoginTest" name="a" time="10.367"/>
  <testcase classname="tests.AmazonLoginTest" name="verifySigninLabel" time="10.936"/>
  <testcase classname="tests.AmazonLoginTest" name="checkTitle" time="10.901"/>
  <testcase classname="tests.AmazonLoginTest" name="needHelp" time="79.385"/>
  <testcase classname="tests.AmazonLoginTest" name="verifyFooter" time="15.800"/>
  <testcase classname="tests.AmazonLoginTest" name="enterWrongEmail" time="17.056"/>
  <testcase classname="tests.AmazonLoginTest" name="enterWrongEmail" time="80.959"/>
  <testcase classname="tests.AmazonLoginTest" name="enterWrongEmail" time="14.612"/>
  <testcase classname="tests.AmazonLoginTest" name="enterEmail" time="14.046"/>
</testsuite> <!-- tests.AmazonLoginTest -->
