<?xml version="1.0" encoding="UTF-8"?>
<!-- Generated by org.testng.reporters.JUnitReportReporter -->
<testsuite hostname="DESKTOP-TA34NI2" failures="0" tests="4" name="tests.AmazonLoginTest" time="94.496" errors="0" timestamp="14 Feb. 2022 04:53:53 GMT" skipped="0">
  <testcase classname="tests.AmazonLoginTest" name="a" time="24.581"/>
  <testcase classname="tests.AmazonLoginTest" name="verifySigninLabel" time="21.194"/>
  <testcase classname="tests.AmazonLoginTest" name="checkTitle" time="26.189"/>
  <testcase classname="tests.AmazonLoginTest" name="enterEmail" time="22.532"/>
</testsuite> <!-- tests.AmazonLoginTest -->
