<?xml version="1.0" encoding="UTF-8"?>
<!-- Generated by org.testng.reporters.JUnitReportReporter -->
<testsuite skipped="0" hostname="DESKTOP-TA34NI2" name="tests.PasswordPageTest" tests="3" failures="0" timestamp="12 Mar 2022 19:06:24 GMT" time="98.586" errors="0">
  <testcase name="checkTitle" time="28.980" classname="tests.PasswordPageTest"/>
  <testcase name="verifyEmailId" time="38.544" classname="tests.PasswordPageTest"/>
  <testcase name="enterWrongpassword" time="31.062" classname="tests.PasswordPageTest"/>
</testsuite> <!-- tests.PasswordPageTest -->
