<?xml version="1.0" encoding="UTF-8"?>
<!-- Generated by org.testng.reporters.JUnitReportReporter -->
<testsuite skipped="0" hostname="DESKTOP-TA34NI2" name="tests.AmazonLoginTest" tests="1" failures="0" timestamp="12 Mar 2022 21:28:40 GMT" time="15.725" errors="0">
  <testcase name="checkTitle" time="15.725" classname="tests.AmazonLoginTest"/>
</testsuite> <!-- tests.AmazonLoginTest -->
