<?xml version="1.0" encoding="UTF-8"?>
<!-- Generated by org.testng.reporters.JUnitReportReporter -->
<testsuite skipped="0" hostname="DESKTOP-TA34NI2" name="tests.AmazonLoginTest" tests="9" failures="0" timestamp="12 Mar 2022 19:06:24 GMT" time="319.654" errors="0">
  <testcase name="a" time="79.378" classname="tests.AmazonLoginTest"/>
  <testcase name="verifySigninLabel" time="11.013" classname="tests.AmazonLoginTest"/>
  <testcase name="checkTitle" time="80.302" classname="tests.AmazonLoginTest"/>
  <testcase name="needHelp" time="12.880" classname="tests.AmazonLoginTest"/>
  <testcase name="verifyFooter" time="79.211" classname="tests.AmazonLoginTest"/>
  <testcase name="enterWrongEmail" time="11.201" classname="tests.AmazonLoginTest"/>
  <testcase name="enterWrongEmail" time="16.932" classname="tests.AmazonLoginTest"/>
  <testcase name="enterWrongEmail" time="11.964" classname="tests.AmazonLoginTest"/>
  <testcase name="enterEmail" time="16.773" classname="tests.AmazonLoginTest"/>
</testsuite> <!-- tests.AmazonLoginTest -->
